<?xml version="1.0" encoding="UTF-8"?>
<testng-results ignored="0" total="2" passed="2" failed="0" skipped="0">
  <reporter-output>
  </reporter-output>
  <suite started-at="2024-07-24T20:37:20 IST" name="Default suite" finished-at="2024-07-24T20:37:28 IST" duration-ms="8174">
    <groups>
    </groups>
    <test started-at="2024-07-24T20:37:20 IST" name="Default test" finished-at="2024-07-24T20:37:28 IST" duration-ms="8174">
      <class name="SeleniumPractice.DDTDemo">
        <test-method signature="verifyLogin(java.lang.String,java.lang.String)[pri:0, instance:SeleniumPractice.DDTDemo@69e153c5]" started-at="2024-07-24T20:37:20 IST" name="verifyLogin" data-provider="dataSupplier" finished-at="2024-07-24T20:37:24 IST" duration-ms="4498" status="PASS">
          <params>
            <param index="0">
              <value>
                <![CDATA[dipeeka123@gmail.com]]>
              </value>
            </param>
            <param index="1">
              <value>
                <![CDATA[Pass@123]]>
              </value>
            </param>
          </params>
          <reporter-output>
          </reporter-output>
        </test-method> <!-- verifyLogin -->
        <test-method signature="verifyLogin(java.lang.String,java.lang.String)[pri:0, instance:SeleniumPractice.DDTDemo@69e153c5]" started-at="2024-07-24T20:37:24 IST" name="verifyLogin" data-provider="dataSupplier" finished-at="2024-07-24T20:37:28 IST" duration-ms="3639" status="PASS">
          <params>
            <param index="0">
              <value>
                <![CDATA[sayali123@gmail.com]]>
              </value>
            </param>
            <param index="1">
              <value>
                <![CDATA[Pass@123]]>
              </value>
            </param>
          </params>
          <reporter-output>
          </reporter-output>
        </test-method> <!-- verifyLogin -->
      </class> <!-- SeleniumPractice.DDTDemo -->
    </test> <!-- Default test -->
  </suite> <!-- Default suite -->
</testng-results>
